+++++build u-boot+++++
>>>  check uboot soucre ....
>>>  entry u-boot source dir

Wed Oct 26 18:00:16 CST 2016
>>>  build u-boot , Please wait some time.
  CHK     include/config/uboot.release
  CHK     include/generated/timestamp_autogenerated.h
  UPD     include/generated/timestamp_autogenerated.h
  CHK     include/generated/version_autogenerated.h
  CHK     include/generated/asm-offsets.h
  CHK     include/generated/generic-asm-offsets.h
  HOSTCC  tools/mkenvimage.o
  HOSTCC  tools/fit_image.o
  HOSTCC  tools/image-host.o
  HOSTCC  tools/dumpimage.o
  HOSTCC  tools/mkimage.o
  HOSTLD  tools/mkenvimage
  HOSTLD  tools/mkimage
  HOSTLD  tools/dumpimage
  CC      cmd/version.o
  CC      common/main.o
  CC      common/board_f.o
  LD      cmd/built-in.o
  CC      lib/display_options.o
  LD      common/built-in.o
  LD      lib/built-in.o
  LD      u-boot
  OBJCOPY u-boot-nodtb.bin
  OBJCOPY u-boot.srec
  SYM     u-boot.sym
  CAT     u-boot-dtb.bin
  COPY    u-boot.bin
  MKIMAGE u-boot.img
  MKIMAGE u-boot-dtb.img
  CC      spl/common/spl/spl.o
  CC      spl/lib/display_options.o
  LD      spl/common/spl/built-in.o
  LD      spl/lib/built-in.o
  LD      spl/u-boot-spl
  OBJCOPY spl/u-boot-spl-nodtb.bin
  COPY    spl/u-boot-spl.bin
  MKSUNXI spl/sunxi-spl.bin
  CAT     u-boot-sunxi-with-spl.bin

Wed Oct 26 18:00:21 CST 2016
>>>  build u-boot boot.scr
Image Name:   
Created:      Wed Oct 26 18:00:21 2016
Image Type:   ARM Linux Script (uncompressed)
Data Size:    588 Bytes = 0.57 kB = 0.00 MB
Load Address: 00000000
Entry Point:  00000000
Contents:
   Image 0: 580 Bytes = 0.57 kB = 0.00 MB

Wed Oct 26 18:00:21 CST 2016
>>>  build sunxi script.bin

Wed Oct 26 18:00:21 CST 2016
>>>  build u-boot finish,Please to see /root/orangepi-sdk-v3.0/output/u-boot directories
^_^
